2025-01-02 09:41:46,439 - INFO - Starting coupon scrape
2025-01-02 09:41:46,443 - INFO - ====== WebDriver manager ======
2025-01-02 09:41:47,021 - INFO - Get LATEST chromedriver version for google-chrome
2025-01-02 09:41:47,122 - INFO - Get LATEST chromedriver version for google-chrome
2025-01-02 09:41:47,184 - INFO - Get LATEST chromedriver version for google-chrome
2025-01-02 09:41:47,324 - INFO - WebDriver version 131.0.6778.204 selected
2025-01-02 09:41:47,326 - INFO - Modern chrome version https://storage.googleapis.com/chrome-for-testing-public/131.0.6778.204/mac-arm64/chromedriver-mac-arm64.zip
2025-01-02 09:41:47,326 - INFO - About to download new driver from https://storage.googleapis.com/chrome-for-testing-public/131.0.6778.204/mac-arm64/chromedriver-mac-arm64.zip
2025-01-02 09:41:47,516 - INFO - Driver downloading response is 200
2025-01-02 09:41:47,959 - INFO - Get LATEST chromedriver version for google-chrome
2025-01-02 09:41:48,126 - INFO - Driver has been saved in cache [/Users/wisamm/.wdm/drivers/chromedriver/mac64/131.0.6778.204]
2025-01-02 09:41:57,763 - INFO - Found 24 coupon links
2025-01-02 09:42:01,314 - WARNING - Could not extract expiration date: time data '' does not match format '%m/%d/%Y'
2025-01-02 09:42:11,693 - INFO - Found coupon: Coupon(code='', expiration_date=None, discount_value='', company='', url='https://www.retailmenot.com/view/46KXFJBO4NCFZF6QWUZVGEUIXQ?u=46KXFJBO4NCFZF6QWUZVGEUIXQ&outclicked=true')
2025-01-02 09:42:11,693 - INFO - Found coupon: Coupon(code='', expiration_date=None, discount_value='', company='', url='https://www.retailmenot.com/view/46KXFJBO4NCFZF6QWUZVGEUIXQ?u=46KXFJBO4NCFZF6QWUZVGEUIXQ&outclicked=true')
2025-01-02 09:42:15,343 - WARNING - Could not extract expiration date: time data '' does not match format '%m/%d/%Y'
2025-01-02 09:42:15,361 - INFO - Found coupon: Coupon(code='', expiration_date=None, discount_value='', company='', url='https://www.retailmenot.com/view/CPPJBLCEKNAGNFIRXNM5DQFDDI?u=CPPJBLCEKNAGNFIRXNM5DQFDDI&outclicked=true')
2025-01-02 09:42:15,361 - INFO - Found coupon: Coupon(code='', expiration_date=None, discount_value='', company='', url='https://www.retailmenot.com/view/CPPJBLCEKNAGNFIRXNM5DQFDDI?u=CPPJBLCEKNAGNFIRXNM5DQFDDI&outclicked=true')
2025-01-02 09:42:19,480 - WARNING - Could not extract expiration date: time data '' does not match format '%m/%d/%Y'
2025-01-02 09:42:19,502 - INFO - Found coupon: Coupon(code='', expiration_date=None, discount_value='', company='', url='https://www.retailmenot.com/view/QEL5OMZ4PRB25FU2FGFFO4ODD4?u=QEL5OMZ4PRB25FU2FGFFO4ODD4&outclicked=true')
2025-01-02 09:42:19,503 - INFO - Found coupon: Coupon(code='', expiration_date=None, discount_value='', company='', url='https://www.retailmenot.com/view/QEL5OMZ4PRB25FU2FGFFO4ODD4?u=QEL5OMZ4PRB25FU2FGFFO4ODD4&outclicked=true')
2025-01-02 09:42:23,443 - WARNING - Could not extract expiration date: time data '' does not match format '%m/%d/%Y'
2025-01-02 09:42:28,059 - WARNING - Retrying (Retry(total=2, connect=None, read=None, redirect=None, status=None)) after connection broken by 'ConnectionResetError(54, 'Connection reset by peer')': /session/c11112dd5cb4e2a3f67de3e1abf69492
2025-01-02 09:42:28,063 - WARNING - Retrying (Retry(total=1, connect=None, read=None, redirect=None, status=None)) after connection broken by 'NewConnectionError('<urllib3.connection.HTTPConnection object at 0x105e09db0>: Failed to establish a new connection: [Errno 61] Connection refused')': /session/c11112dd5cb4e2a3f67de3e1abf69492
2025-01-02 09:42:28,067 - WARNING - Retrying (Retry(total=0, connect=None, read=None, redirect=None, status=None)) after connection broken by 'NewConnectionError('<urllib3.connection.HTTPConnection object at 0x105e08340>: Failed to establish a new connection: [Errno 61] Connection refused')': /session/c11112dd5cb4e2a3f67de3e1abf69492
2025-01-02 09:42:33,353 - INFO - Starting coupon scrape
2025-01-02 09:42:33,356 - INFO - ====== WebDriver manager ======
2025-01-02 09:42:33,505 - INFO - Get LATEST chromedriver version for google-chrome
2025-01-02 09:42:33,572 - INFO - Get LATEST chromedriver version for google-chrome
2025-01-02 09:42:33,636 - INFO - Driver [/Users/wisamm/.wdm/drivers/chromedriver/mac64/131.0.6778.204/chromedriver-mac-arm64/chromedriver] found in cache
2025-01-02 09:42:38,789 - INFO - Found 24 coupon links
2025-01-02 09:42:43,420 - WARNING - Could not extract expiration date: time data 'soon.' does not match format '%m/%d/%Y'
2025-01-02 09:42:48,067 - WARNING - Could not extract company name: Message: no such window: target window already closed
from unknown error: web view not found
  (Session info: chrome=131.0.6778.205)
Stacktrace:
0   chromedriver                        0x00000001030f3184 cxxbridge1$str$ptr + 3626716
1   chromedriver                        0x00000001030eb9d4 cxxbridge1$str$ptr + 3596076
2   chromedriver                        0x0000000102b58968 cxxbridge1$string$len + 89228
3   chromedriver                        0x0000000102b33e44 core::str::slice_error_fail::ha0e52dbcb60e6bae + 3780
4   chromedriver                        0x0000000102bc2d48 cxxbridge1$string$len + 524396
5   chromedriver                        0x0000000102bd5c24 cxxbridge1$string$len + 601928
6   chromedriver                        0x0000000102b91568 cxxbridge1$string$len + 321676
7   chromedriver                        0x0000000102b921b8 cxxbridge1$string$len + 324828
8   chromedriver                        0x00000001030be9ac cxxbridge1$str$ptr + 3411716
9   chromedriver                        0x00000001030c1ccc cxxbridge1$str$ptr + 3424804
10  chromedriver                        0x00000001030a586c cxxbridge1$str$ptr + 3308996
11  chromedriver                        0x00000001030c258c cxxbridge1$str$ptr + 3427044
12  chromedriver                        0x000000010309709c cxxbridge1$str$ptr + 3249652
13  chromedriver                        0x00000001030dc4b8 cxxbridge1$str$ptr + 3533328
14  chromedriver                        0x00000001030dc634 cxxbridge1$str$ptr + 3533708
15  chromedriver                        0x00000001030eb648 cxxbridge1$str$ptr + 3595168
16  libsystem_pthread.dylib             0x000000019e9f6f94 _pthread_start + 136
17  libsystem_pthread.dylib             0x000000019e9f1d34 thread_start + 8

2025-01-02 09:42:48,067 - INFO - Found coupon: Coupon(code='', expiration_date=None, discount_value='$20 Off $100 with DICK’S Text Alerts Sign Up', company=None, url='https://www.retailmenot.com/view/46KXFJBO4NCFZF6QWUZVGEUIXQ?u=46KXFJBO4NCFZF6QWUZVGEUIXQ&outclicked=true')
2025-01-02 09:42:48,068 - INFO - Found coupon: Coupon(code='', expiration_date=None, discount_value='$20 Off $100 with DICK’S Text Alerts Sign Up', company=None, url='https://www.retailmenot.com/view/46KXFJBO4NCFZF6QWUZVGEUIXQ?u=46KXFJBO4NCFZF6QWUZVGEUIXQ&outclicked=true')
2025-01-02 09:42:48,068 - ERROR - Error processing link https://www.retailmenot.com/view/CPPJBLCEKNAGNFIRXNM5DQFDDI?u=CPPJBLCEKNAGNFIRXNM5DQFDDI&outclicked=true: Message: no such window: target window already closed
from unknown error: web view not found
  (Session info: chrome=131.0.6778.205)
Stacktrace:
0   chromedriver                        0x00000001030f3184 cxxbridge1$str$ptr + 3626716
1   chromedriver                        0x00000001030eb9d4 cxxbridge1$str$ptr + 3596076
2   chromedriver                        0x0000000102b58968 cxxbridge1$string$len + 89228
3   chromedriver                        0x0000000102b33e44 core::str::slice_error_fail::ha0e52dbcb60e6bae + 3780
4   chromedriver                        0x0000000102bc2d48 cxxbridge1$string$len + 524396
5   chromedriver                        0x0000000102bd5c24 cxxbridge1$string$len + 601928
6   chromedriver                        0x0000000102b91568 cxxbridge1$string$len + 321676
7   chromedriver                        0x0000000102b921b8 cxxbridge1$string$len + 324828
8   chromedriver                        0x00000001030be9ac cxxbridge1$str$ptr + 3411716
9   chromedriver                        0x00000001030c1ccc cxxbridge1$str$ptr + 3424804
10  chromedriver                        0x00000001030a586c cxxbridge1$str$ptr + 3308996
11  chromedriver                        0x00000001030c258c cxxbridge1$str$ptr + 3427044
12  chromedriver                        0x000000010309709c cxxbridge1$str$ptr + 3249652
13  chromedriver                        0x00000001030dc4b8 cxxbridge1$str$ptr + 3533328
14  chromedriver                        0x00000001030dc634 cxxbridge1$str$ptr + 3533708
15  chromedriver                        0x00000001030eb648 cxxbridge1$str$ptr + 3595168
16  libsystem_pthread.dylib             0x000000019e9f6f94 _pthread_start + 136
17  libsystem_pthread.dylib             0x000000019e9f1d34 thread_start + 8

2025-01-02 09:42:48,069 - ERROR - Error processing link https://www.retailmenot.com/view/QEL5OMZ4PRB25FU2FGFFO4ODD4?u=QEL5OMZ4PRB25FU2FGFFO4ODD4&outclicked=true: Message: no such window: target window already closed
from unknown error: web view not found
  (Session info: chrome=131.0.6778.205)
Stacktrace:
0   chromedriver                        0x00000001030f3184 cxxbridge1$str$ptr + 3626716
1   chromedriver                        0x00000001030eb9d4 cxxbridge1$str$ptr + 3596076
2   chromedriver                        0x0000000102b58968 cxxbridge1$string$len + 89228
3   chromedriver                        0x0000000102b33e44 core::str::slice_error_fail::ha0e52dbcb60e6bae + 3780
4   chromedriver                        0x0000000102bc2d48 cxxbridge1$string$len + 524396
5   chromedriver                        0x0000000102bd5c24 cxxbridge1$string$len + 601928
6   chromedriver                        0x0000000102b91568 cxxbridge1$string$len + 321676
7   chromedriver                        0x0000000102b921b8 cxxbridge1$string$len + 324828
8   chromedriver                        0x00000001030be9ac cxxbridge1$str$ptr + 3411716
9   chromedriver                        0x00000001030c1ccc cxxbridge1$str$ptr + 3424804
10  chromedriver                        0x00000001030a586c cxxbridge1$str$ptr + 3308996
11  chromedriver                        0x00000001030c258c cxxbridge1$str$ptr + 3427044
12  chromedriver                        0x000000010309709c cxxbridge1$str$ptr + 3249652
13  chromedriver                        0x00000001030dc4b8 cxxbridge1$str$ptr + 3533328
14  chromedriver                        0x00000001030dc634 cxxbridge1$str$ptr + 3533708
15  chromedriver                        0x00000001030eb648 cxxbridge1$str$ptr + 3595168
16  libsystem_pthread.dylib             0x000000019e9f6f94 _pthread_start + 136
17  libsystem_pthread.dylib             0x000000019e9f1d34 thread_start + 8

2025-01-02 09:42:48,069 - ERROR - Error processing link https://www.retailmenot.com/view/5KVES3EIYVDLVKEQIPODZ5CQRQ?u=5KVES3EIYVDLVKEQIPODZ5CQRQ&outclicked=true: Message: no such window: target window already closed
from unknown error: web view not found
  (Session info: chrome=131.0.6778.205)
Stacktrace:
0   chromedriver                        0x00000001030f3184 cxxbridge1$str$ptr + 3626716
1   chromedriver                        0x00000001030eb9d4 cxxbridge1$str$ptr + 3596076
2   chromedriver                        0x0000000102b58968 cxxbridge1$string$len + 89228
3   chromedriver                        0x0000000102b33e44 core::str::slice_error_fail::ha0e52dbcb60e6bae + 3780
4   chromedriver                        0x0000000102bc2d48 cxxbridge1$string$len + 524396
5   chromedriver                        0x0000000102bd5c24 cxxbridge1$string$len + 601928
6   chromedriver                        0x0000000102b91568 cxxbridge1$string$len + 321676
7   chromedriver                        0x0000000102b921b8 cxxbridge1$string$len + 324828
8   chromedriver                        0x00000001030be9ac cxxbridge1$str$ptr + 3411716
9   chromedriver                        0x00000001030c1ccc cxxbridge1$str$ptr + 3424804
10  chromedriver                        0x00000001030a586c cxxbridge1$str$ptr + 3308996
11  chromedriver                        0x00000001030c258c cxxbridge1$str$ptr + 3427044
12  chromedriver                        0x000000010309709c cxxbridge1$str$ptr + 3249652
13  chromedriver                        0x00000001030dc4b8 cxxbridge1$str$ptr + 3533328
14  chromedriver                        0x00000001030dc634 cxxbridge1$str$ptr + 3533708
15  chromedriver                        0x00000001030eb648 cxxbridge1$str$ptr + 3595168
16  libsystem_pthread.dylib             0x000000019e9f6f94 _pthread_start + 136
17  libsystem_pthread.dylib             0x000000019e9f1d34 thread_start + 8

2025-01-02 09:42:48,070 - ERROR - Error processing link https://www.retailmenot.com/view/OKSB5HZYVZGY3HAHALME375P44?u=OKSB5HZYVZGY3HAHALME375P44&outclicked=true: Message: no such window: target window already closed
from unknown error: web view not found
  (Session info: chrome=131.0.6778.205)
Stacktrace:
0   chromedriver                        0x00000001030f3184 cxxbridge1$str$ptr + 3626716
1   chromedriver                        0x00000001030eb9d4 cxxbridge1$str$ptr + 3596076
2   chromedriver                        0x0000000102b58968 cxxbridge1$string$len + 89228
3   chromedriver                        0x0000000102b33e44 core::str::slice_error_fail::ha0e52dbcb60e6bae + 3780
4   chromedriver                        0x0000000102bc2d48 cxxbridge1$string$len + 524396
5   chromedriver                        0x0000000102bd5c24 cxxbridge1$string$len + 601928
6   chromedriver                        0x0000000102b91568 cxxbridge1$string$len + 321676
7   chromedriver                        0x0000000102b921b8 cxxbridge1$string$len + 324828
8   chromedriver                        0x00000001030be9ac cxxbridge1$str$ptr + 3411716
9   chromedriver                        0x00000001030c1ccc cxxbridge1$str$ptr + 3424804
10  chromedriver                        0x00000001030a586c cxxbridge1$str$ptr + 3308996
11  chromedriver                        0x00000001030c258c cxxbridge1$str$ptr + 3427044
12  chromedriver                        0x000000010309709c cxxbridge1$str$ptr + 3249652
13  chromedriver                        0x00000001030dc4b8 cxxbridge1$str$ptr + 3533328
14  chromedriver                        0x00000001030dc634 cxxbridge1$str$ptr + 3533708
15  chromedriver                        0x00000001030eb648 cxxbridge1$str$ptr + 3595168
16  libsystem_pthread.dylib             0x000000019e9f6f94 _pthread_start + 136
17  libsystem_pthread.dylib             0x000000019e9f1d34 thread_start + 8

2025-01-02 09:42:48,070 - ERROR - Error processing link https://www.retailmenot.com/view/A7W52JNQEREIBE45IPTZ5ET33Q?u=A7W52JNQEREIBE45IPTZ5ET33Q&outclicked=true: Message: no such window: target window already closed
from unknown error: web view not found
  (Session info: chrome=131.0.6778.205)
Stacktrace:
0   chromedriver                        0x00000001030f3184 cxxbridge1$str$ptr + 3626716
1   chromedriver                        0x00000001030eb9d4 cxxbridge1$str$ptr + 3596076
2   chromedriver                        0x0000000102b58968 cxxbridge1$string$len + 89228
3   chromedriver                        0x0000000102b33e44 core::str::slice_error_fail::ha0e52dbcb60e6bae + 3780
4   chromedriver                        0x0000000102bc2d48 cxxbridge1$string$len + 524396
5   chromedriver                        0x0000000102bd5c24 cxxbridge1$string$len + 601928
6   chromedriver                        0x0000000102b91568 cxxbridge1$string$len + 321676
7   chromedriver                        0x0000000102b921b8 cxxbridge1$string$len + 324828
8   chromedriver                        0x00000001030be9ac cxxbridge1$str$ptr + 3411716
9   chromedriver                        0x00000001030c1ccc cxxbridge1$str$ptr + 3424804
10  chromedriver                        0x00000001030a586c cxxbridge1$str$ptr + 3308996
11  chromedriver                        0x00000001030c258c cxxbridge1$str$ptr + 3427044
12  chromedriver                        0x000000010309709c cxxbridge1$str$ptr + 3249652
13  chromedriver                        0x00000001030dc4b8 cxxbridge1$str$ptr + 3533328
14  chromedriver                        0x00000001030dc634 cxxbridge1$str$ptr + 3533708
15  chromedriver                        0x00000001030eb648 cxxbridge1$str$ptr + 3595168
16  libsystem_pthread.dylib             0x000000019e9f6f94 _pthread_start + 136
17  libsystem_pthread.dylib             0x000000019e9f1d34 thread_start + 8

2025-01-02 09:42:48,071 - ERROR - Error processing link https://www.retailmenot.com/view/FJVSC7P6G5GBDOXLZV4XC4HGPQ?u=FJVSC7P6G5GBDOXLZV4XC4HGPQ&outclicked=true: Message: no such window: target window already closed
from unknown error: web view not found
  (Session info: chrome=131.0.6778.205)
Stacktrace:
0   chromedriver                        0x00000001030f3184 cxxbridge1$str$ptr + 3626716
1   chromedriver                        0x00000001030eb9d4 cxxbridge1$str$ptr + 3596076
2   chromedriver                        0x0000000102b58968 cxxbridge1$string$len + 89228
3   chromedriver                        0x0000000102b33e44 core::str::slice_error_fail::ha0e52dbcb60e6bae + 3780
4   chromedriver                        0x0000000102bc2d48 cxxbridge1$string$len + 524396
5   chromedriver                        0x0000000102bd5c24 cxxbridge1$string$len + 601928
6   chromedriver                        0x0000000102b91568 cxxbridge1$string$len + 321676
7   chromedriver                        0x0000000102b921b8 cxxbridge1$string$len + 324828
8   chromedriver                        0x00000001030be9ac cxxbridge1$str$ptr + 3411716
9   chromedriver                        0x00000001030c1ccc cxxbridge1$str$ptr + 3424804
10  chromedriver                        0x00000001030a586c cxxbridge1$str$ptr + 3308996
11  chromedriver                        0x00000001030c258c cxxbridge1$str$ptr + 3427044
12  chromedriver                        0x000000010309709c cxxbridge1$str$ptr + 3249652
13  chromedriver                        0x00000001030dc4b8 cxxbridge1$str$ptr + 3533328
14  chromedriver                        0x00000001030dc634 cxxbridge1$str$ptr + 3533708
15  chromedriver                        0x00000001030eb648 cxxbridge1$str$ptr + 3595168
16  libsystem_pthread.dylib             0x000000019e9f6f94 _pthread_start + 136
17  libsystem_pthread.dylib             0x000000019e9f1d34 thread_start + 8

2025-01-02 09:42:48,071 - ERROR - Error processing link https://www.retailmenot.com/view/PTOOTYYWUZAORJT4NY4BRGCHFU?u=PTOOTYYWUZAORJT4NY4BRGCHFU&outclicked=true: Message: no such window: target window already closed
from unknown error: web view not found
  (Session info: chrome=131.0.6778.205)
Stacktrace:
0   chromedriver                        0x00000001030f3184 cxxbridge1$str$ptr + 3626716
1   chromedriver                        0x00000001030eb9d4 cxxbridge1$str$ptr + 3596076
2   chromedriver                        0x0000000102b58968 cxxbridge1$string$len + 89228
3   chromedriver                        0x0000000102b33e44 core::str::slice_error_fail::ha0e52dbcb60e6bae + 3780
4   chromedriver                        0x0000000102bc2d48 cxxbridge1$string$len + 524396
5   chromedriver                        0x0000000102bd5c24 cxxbridge1$string$len + 601928
6   chromedriver                        0x0000000102b91568 cxxbridge1$string$len + 321676
7   chromedriver                        0x0000000102b921b8 cxxbridge1$string$len + 324828
8   chromedriver                        0x00000001030be9ac cxxbridge1$str$ptr + 3411716
9   chromedriver                        0x00000001030c1ccc cxxbridge1$str$ptr + 3424804
10  chromedriver                        0x00000001030a586c cxxbridge1$str$ptr + 3308996
11  chromedriver                        0x00000001030c258c cxxbridge1$str$ptr + 3427044
12  chromedriver                        0x000000010309709c cxxbridge1$str$ptr + 3249652
13  chromedriver                        0x00000001030dc4b8 cxxbridge1$str$ptr + 3533328
14  chromedriver                        0x00000001030dc634 cxxbridge1$str$ptr + 3533708
15  chromedriver                        0x00000001030eb648 cxxbridge1$str$ptr + 3595168
16  libsystem_pthread.dylib             0x000000019e9f6f94 _pthread_start + 136
17  libsystem_pthread.dylib             0x000000019e9f1d34 thread_start + 8

2025-01-02 09:42:48,072 - ERROR - Error processing link https://www.retailmenot.com/view/42547AKRI5BFRKPVAEICB6KEZQ?u=42547AKRI5BFRKPVAEICB6KEZQ&outclicked=true: Message: no such window: target window already closed
from unknown error: web view not found
  (Session info: chrome=131.0.6778.205)
Stacktrace:
0   chromedriver                        0x00000001030f3184 cxxbridge1$str$ptr + 3626716
1   chromedriver                        0x00000001030eb9d4 cxxbridge1$str$ptr + 3596076
2   chromedriver                        0x0000000102b58968 cxxbridge1$string$len + 89228
3   chromedriver                        0x0000000102b33e44 core::str::slice_error_fail::ha0e52dbcb60e6bae + 3780
4   chromedriver                        0x0000000102bc2d48 cxxbridge1$string$len + 524396
5   chromedriver                        0x0000000102bd5c24 cxxbridge1$string$len + 601928
6   chromedriver                        0x0000000102b91568 cxxbridge1$string$len + 321676
7   chromedriver                        0x0000000102b921b8 cxxbridge1$string$len + 324828
8   chromedriver                        0x00000001030be9ac cxxbridge1$str$ptr + 3411716
9   chromedriver                        0x00000001030c1ccc cxxbridge1$str$ptr + 3424804
10  chromedriver                        0x00000001030a586c cxxbridge1$str$ptr + 3308996
11  chromedriver                        0x00000001030c258c cxxbridge1$str$ptr + 3427044
12  chromedriver                        0x000000010309709c cxxbridge1$str$ptr + 3249652
13  chromedriver                        0x00000001030dc4b8 cxxbridge1$str$ptr + 3533328
14  chromedriver                        0x00000001030dc634 cxxbridge1$str$ptr + 3533708
15  chromedriver                        0x00000001030eb648 cxxbridge1$str$ptr + 3595168
16  libsystem_pthread.dylib             0x000000019e9f6f94 _pthread_start + 136
17  libsystem_pthread.dylib             0x000000019e9f1d34 thread_start + 8

2025-01-02 09:42:48,073 - ERROR - Error processing link https://www.retailmenot.com/view/2M5EU52XW5HP3CXPO2KG3CIYJE?u=2M5EU52XW5HP3CXPO2KG3CIYJE&outclicked=true: Message: no such window: target window already closed
from unknown error: web view not found
  (Session info: chrome=131.0.6778.205)
Stacktrace:
0   chromedriver                        0x00000001030f3184 cxxbridge1$str$ptr + 3626716
1   chromedriver                        0x00000001030eb9d4 cxxbridge1$str$ptr + 3596076
2   chromedriver                        0x0000000102b58968 cxxbridge1$string$len + 89228
3   chromedriver                        0x0000000102b33e44 core::str::slice_error_fail::ha0e52dbcb60e6bae + 3780
4   chromedriver                        0x0000000102bc2d48 cxxbridge1$string$len + 524396
5   chromedriver                        0x0000000102bd5c24 cxxbridge1$string$len + 601928
6   chromedriver                        0x0000000102b91568 cxxbridge1$string$len + 321676
7   chromedriver                        0x0000000102b921b8 cxxbridge1$string$len + 324828
8   chromedriver                        0x00000001030be9ac cxxbridge1$str$ptr + 3411716
9   chromedriver                        0x00000001030c1ccc cxxbridge1$str$ptr + 3424804
10  chromedriver                        0x00000001030a586c cxxbridge1$str$ptr + 3308996
11  chromedriver                        0x00000001030c258c cxxbridge1$str$ptr + 3427044
12  chromedriver                        0x000000010309709c cxxbridge1$str$ptr + 3249652
13  chromedriver                        0x00000001030dc4b8 cxxbridge1$str$ptr + 3533328
14  chromedriver                        0x00000001030dc634 cxxbridge1$str$ptr + 3533708
15  chromedriver                        0x00000001030eb648 cxxbridge1$str$ptr + 3595168
16  libsystem_pthread.dylib             0x000000019e9f6f94 _pthread_start + 136
17  libsystem_pthread.dylib             0x000000019e9f1d34 thread_start + 8

2025-01-02 09:42:48,074 - ERROR - Error processing link https://www.retailmenot.com/view/Q2CYGUYOMRENFFLEYYWCN7YZTA?u=Q2CYGUYOMRENFFLEYYWCN7YZTA&outclicked=true: Message: no such window: target window already closed
from unknown error: web view not found
  (Session info: chrome=131.0.6778.205)
Stacktrace:
0   chromedriver                        0x00000001030f3184 cxxbridge1$str$ptr + 3626716
1   chromedriver                        0x00000001030eb9d4 cxxbridge1$str$ptr + 3596076
2   chromedriver                        0x0000000102b58968 cxxbridge1$string$len + 89228
3   chromedriver                        0x0000000102b33e44 core::str::slice_error_fail::ha0e52dbcb60e6bae + 3780
4   chromedriver                        0x0000000102bc2d48 cxxbridge1$string$len + 524396
5   chromedriver                        0x0000000102bd5c24 cxxbridge1$string$len + 601928
6   chromedriver                        0x0000000102b91568 cxxbridge1$string$len + 321676
7   chromedriver                        0x0000000102b921b8 cxxbridge1$string$len + 324828
8   chromedriver                        0x00000001030be9ac cxxbridge1$str$ptr + 3411716
9   chromedriver                        0x00000001030c1ccc cxxbridge1$str$ptr + 3424804
10  chromedriver                        0x00000001030a586c cxxbridge1$str$ptr + 3308996
11  chromedriver                        0x00000001030c258c cxxbridge1$str$ptr + 3427044
12  chromedriver                        0x000000010309709c cxxbridge1$str$ptr + 3249652
13  chromedriver                        0x00000001030dc4b8 cxxbridge1$str$ptr + 3533328
14  chromedriver                        0x00000001030dc634 cxxbridge1$str$ptr + 3533708
15  chromedriver                        0x00000001030eb648 cxxbridge1$str$ptr + 3595168
16  libsystem_pthread.dylib             0x000000019e9f6f94 _pthread_start + 136
17  libsystem_pthread.dylib             0x000000019e9f1d34 thread_start + 8

2025-01-02 09:42:48,074 - ERROR - Error processing link https://www.retailmenot.com/view/AA6VKKCYJBGATF6NZXANKWZKDY?u=AA6VKKCYJBGATF6NZXANKWZKDY&outclicked=true: Message: no such window: target window already closed
from unknown error: web view not found
  (Session info: chrome=131.0.6778.205)
Stacktrace:
0   chromedriver                        0x00000001030f3184 cxxbridge1$str$ptr + 3626716
1   chromedriver                        0x00000001030eb9d4 cxxbridge1$str$ptr + 3596076
2   chromedriver                        0x0000000102b58968 cxxbridge1$string$len + 89228
3   chromedriver                        0x0000000102b33e44 core::str::slice_error_fail::ha0e52dbcb60e6bae + 3780
4   chromedriver                        0x0000000102bc2d48 cxxbridge1$string$len + 524396
5   chromedriver                        0x0000000102bd5c24 cxxbridge1$string$len + 601928
6   chromedriver                        0x0000000102b91568 cxxbridge1$string$len + 321676
7   chromedriver                        0x0000000102b921b8 cxxbridge1$string$len + 324828
8   chromedriver                        0x00000001030be9ac cxxbridge1$str$ptr + 3411716
9   chromedriver                        0x00000001030c1ccc cxxbridge1$str$ptr + 3424804
10  chromedriver                        0x00000001030a586c cxxbridge1$str$ptr + 3308996
11  chromedriver                        0x00000001030c258c cxxbridge1$str$ptr + 3427044
12  chromedriver                        0x000000010309709c cxxbridge1$str$ptr + 3249652
13  chromedriver                        0x00000001030dc4b8 cxxbridge1$str$ptr + 3533328
14  chromedriver                        0x00000001030dc634 cxxbridge1$str$ptr + 3533708
15  chromedriver                        0x00000001030eb648 cxxbridge1$str$ptr + 3595168
16  libsystem_pthread.dylib             0x000000019e9f6f94 _pthread_start + 136
17  libsystem_pthread.dylib             0x000000019e9f1d34 thread_start + 8

2025-01-02 09:42:48,075 - ERROR - Error processing link https://www.retailmenot.com/view/637MLDNB5FFUNECCWYC5JKO534?u=637MLDNB5FFUNECCWYC5JKO534&outclicked=true: Message: no such window: target window already closed
from unknown error: web view not found
  (Session info: chrome=131.0.6778.205)
Stacktrace:
0   chromedriver                        0x00000001030f3184 cxxbridge1$str$ptr + 3626716
1   chromedriver                        0x00000001030eb9d4 cxxbridge1$str$ptr + 3596076
2   chromedriver                        0x0000000102b58968 cxxbridge1$string$len + 89228
3   chromedriver                        0x0000000102b33e44 core::str::slice_error_fail::ha0e52dbcb60e6bae + 3780
4   chromedriver                        0x0000000102bc2d48 cxxbridge1$string$len + 524396
5   chromedriver                        0x0000000102bd5c24 cxxbridge1$string$len + 601928
6   chromedriver                        0x0000000102b91568 cxxbridge1$string$len + 321676
7   chromedriver                        0x0000000102b921b8 cxxbridge1$string$len + 324828
8   chromedriver                        0x00000001030be9ac cxxbridge1$str$ptr + 3411716
9   chromedriver                        0x00000001030c1ccc cxxbridge1$str$ptr + 3424804
10  chromedriver                        0x00000001030a586c cxxbridge1$str$ptr + 3308996
11  chromedriver                        0x00000001030c258c cxxbridge1$str$ptr + 3427044
12  chromedriver                        0x000000010309709c cxxbridge1$str$ptr + 3249652
13  chromedriver                        0x00000001030dc4b8 cxxbridge1$str$ptr + 3533328
14  chromedriver                        0x00000001030dc634 cxxbridge1$str$ptr + 3533708
15  chromedriver                        0x00000001030eb648 cxxbridge1$str$ptr + 3595168
16  libsystem_pthread.dylib             0x000000019e9f6f94 _pthread_start + 136
17  libsystem_pthread.dylib             0x000000019e9f1d34 thread_start + 8

2025-01-02 09:42:48,075 - ERROR - Error processing link https://www.retailmenot.com/view/RJHXHMFDBVHTDAM4COR3FGVFVA?u=RJHXHMFDBVHTDAM4COR3FGVFVA&outclicked=true: Message: no such window: target window already closed
from unknown error: web view not found
  (Session info: chrome=131.0.6778.205)
Stacktrace:
0   chromedriver                        0x00000001030f3184 cxxbridge1$str$ptr + 3626716
1   chromedriver                        0x00000001030eb9d4 cxxbridge1$str$ptr + 3596076
2   chromedriver                        0x0000000102b58968 cxxbridge1$string$len + 89228
3   chromedriver                        0x0000000102b33e44 core::str::slice_error_fail::ha0e52dbcb60e6bae + 3780
4   chromedriver                        0x0000000102bc2d48 cxxbridge1$string$len + 524396
5   chromedriver                        0x0000000102bd5c24 cxxbridge1$string$len + 601928
6   chromedriver                        0x0000000102b91568 cxxbridge1$string$len + 321676
7   chromedriver                        0x0000000102b921b8 cxxbridge1$string$len + 324828
8   chromedriver                        0x00000001030be9ac cxxbridge1$str$ptr + 3411716
9   chromedriver                        0x00000001030c1ccc cxxbridge1$str$ptr + 3424804
10  chromedriver                        0x00000001030a586c cxxbridge1$str$ptr + 3308996
11  chromedriver                        0x00000001030c258c cxxbridge1$str$ptr + 3427044
12  chromedriver                        0x000000010309709c cxxbridge1$str$ptr + 3249652
13  chromedriver                        0x00000001030dc4b8 cxxbridge1$str$ptr + 3533328
14  chromedriver                        0x00000001030dc634 cxxbridge1$str$ptr + 3533708
15  chromedriver                        0x00000001030eb648 cxxbridge1$str$ptr + 3595168
16  libsystem_pthread.dylib             0x000000019e9f6f94 _pthread_start + 136
17  libsystem_pthread.dylib             0x000000019e9f1d34 thread_start + 8

2025-01-02 09:42:48,076 - ERROR - Error processing link https://www.retailmenot.com/view/OZM4EO7BOVBMBGG3UEF72FB4FM?u=OZM4EO7BOVBMBGG3UEF72FB4FM&outclicked=true: Message: no such window: target window already closed
from unknown error: web view not found
  (Session info: chrome=131.0.6778.205)
Stacktrace:
0   chromedriver                        0x00000001030f3184 cxxbridge1$str$ptr + 3626716
1   chromedriver                        0x00000001030eb9d4 cxxbridge1$str$ptr + 3596076
2   chromedriver                        0x0000000102b58968 cxxbridge1$string$len + 89228
3   chromedriver                        0x0000000102b33e44 core::str::slice_error_fail::ha0e52dbcb60e6bae + 3780
4   chromedriver                        0x0000000102bc2d48 cxxbridge1$string$len + 524396
5   chromedriver                        0x0000000102bd5c24 cxxbridge1$string$len + 601928
6   chromedriver                        0x0000000102b91568 cxxbridge1$string$len + 321676
7   chromedriver                        0x0000000102b921b8 cxxbridge1$string$len + 324828
8   chromedriver                        0x00000001030be9ac cxxbridge1$str$ptr + 3411716
9   chromedriver                        0x00000001030c1ccc cxxbridge1$str$ptr + 3424804
10  chromedriver                        0x00000001030a586c cxxbridge1$str$ptr + 3308996
11  chromedriver                        0x00000001030c258c cxxbridge1$str$ptr + 3427044
12  chromedriver                        0x000000010309709c cxxbridge1$str$ptr + 3249652
13  chromedriver                        0x00000001030dc4b8 cxxbridge1$str$ptr + 3533328
14  chromedriver                        0x00000001030dc634 cxxbridge1$str$ptr + 3533708
15  chromedriver                        0x00000001030eb648 cxxbridge1$str$ptr + 3595168
16  libsystem_pthread.dylib             0x000000019e9f6f94 _pthread_start + 136
17  libsystem_pthread.dylib             0x000000019e9f1d34 thread_start + 8

2025-01-02 09:42:48,077 - ERROR - Error processing link https://www.retailmenot.com/view/MZLBISVIRBFQVOC4X6GUSFYCOE?u=MZLBISVIRBFQVOC4X6GUSFYCOE&outclicked=true: Message: no such window: target window already closed
from unknown error: web view not found
  (Session info: chrome=131.0.6778.205)
Stacktrace:
0   chromedriver                        0x00000001030f3184 cxxbridge1$str$ptr + 3626716
1   chromedriver                        0x00000001030eb9d4 cxxbridge1$str$ptr + 3596076
2   chromedriver                        0x0000000102b58968 cxxbridge1$string$len + 89228
3   chromedriver                        0x0000000102b33e44 core::str::slice_error_fail::ha0e52dbcb60e6bae + 3780
4   chromedriver                        0x0000000102bc2d48 cxxbridge1$string$len + 524396
5   chromedriver                        0x0000000102bd5c24 cxxbridge1$string$len + 601928
6   chromedriver                        0x0000000102b91568 cxxbridge1$string$len + 321676
7   chromedriver                        0x0000000102b921b8 cxxbridge1$string$len + 324828
8   chromedriver                        0x00000001030be9ac cxxbridge1$str$ptr + 3411716
9   chromedriver                        0x00000001030c1ccc cxxbridge1$str$ptr + 3424804
10  chromedriver                        0x00000001030a586c cxxbridge1$str$ptr + 3308996
11  chromedriver                        0x00000001030c258c cxxbridge1$str$ptr + 3427044
12  chromedriver                        0x000000010309709c cxxbridge1$str$ptr + 3249652
13  chromedriver                        0x00000001030dc4b8 cxxbridge1$str$ptr + 3533328
14  chromedriver                        0x00000001030dc634 cxxbridge1$str$ptr + 3533708
15  chromedriver                        0x00000001030eb648 cxxbridge1$str$ptr + 3595168
16  libsystem_pthread.dylib             0x000000019e9f6f94 _pthread_start + 136
17  libsystem_pthread.dylib             0x000000019e9f1d34 thread_start + 8

2025-01-02 09:42:48,077 - ERROR - Error processing link https://www.retailmenot.com/view/5UOPACOKUFDHDAJMI5SXK5TGPE?u=5UOPACOKUFDHDAJMI5SXK5TGPE&outclicked=true: Message: no such window: target window already closed
from unknown error: web view not found
  (Session info: chrome=131.0.6778.205)
Stacktrace:
0   chromedriver                        0x00000001030f3184 cxxbridge1$str$ptr + 3626716
1   chromedriver                        0x00000001030eb9d4 cxxbridge1$str$ptr + 3596076
2   chromedriver                        0x0000000102b58968 cxxbridge1$string$len + 89228
3   chromedriver                        0x0000000102b33e44 core::str::slice_error_fail::ha0e52dbcb60e6bae + 3780
4   chromedriver                        0x0000000102bc2d48 cxxbridge1$string$len + 524396
5   chromedriver                        0x0000000102bd5c24 cxxbridge1$string$len + 601928
6   chromedriver                        0x0000000102b91568 cxxbridge1$string$len + 321676
7   chromedriver                        0x0000000102b921b8 cxxbridge1$string$len + 324828
8   chromedriver                        0x00000001030be9ac cxxbridge1$str$ptr + 3411716
9   chromedriver                        0x00000001030c1ccc cxxbridge1$str$ptr + 3424804
10  chromedriver                        0x00000001030a586c cxxbridge1$str$ptr + 3308996
11  chromedriver                        0x00000001030c258c cxxbridge1$str$ptr + 3427044
12  chromedriver                        0x000000010309709c cxxbridge1$str$ptr + 3249652
13  chromedriver                        0x00000001030dc4b8 cxxbridge1$str$ptr + 3533328
14  chromedriver                        0x00000001030dc634 cxxbridge1$str$ptr + 3533708
15  chromedriver                        0x00000001030eb648 cxxbridge1$str$ptr + 3595168
16  libsystem_pthread.dylib             0x000000019e9f6f94 _pthread_start + 136
17  libsystem_pthread.dylib             0x000000019e9f1d34 thread_start + 8

2025-01-02 09:42:48,078 - ERROR - Error processing link https://www.retailmenot.com/view/HJZWDLDCURHL3EMQLTXWMNVTRQ?u=HJZWDLDCURHL3EMQLTXWMNVTRQ&outclicked=true: Message: no such window: target window already closed
from unknown error: web view not found
  (Session info: chrome=131.0.6778.205)
Stacktrace:
0   chromedriver                        0x00000001030f3184 cxxbridge1$str$ptr + 3626716
1   chromedriver                        0x00000001030eb9d4 cxxbridge1$str$ptr + 3596076
2   chromedriver                        0x0000000102b58968 cxxbridge1$string$len + 89228
3   chromedriver                        0x0000000102b33e44 core::str::slice_error_fail::ha0e52dbcb60e6bae + 3780
4   chromedriver                        0x0000000102bc2d48 cxxbridge1$string$len + 524396
5   chromedriver                        0x0000000102bd5c24 cxxbridge1$string$len + 601928
6   chromedriver                        0x0000000102b91568 cxxbridge1$string$len + 321676
7   chromedriver                        0x0000000102b921b8 cxxbridge1$string$len + 324828
8   chromedriver                        0x00000001030be9ac cxxbridge1$str$ptr + 3411716
9   chromedriver                        0x00000001030c1ccc cxxbridge1$str$ptr + 3424804
10  chromedriver                        0x00000001030a586c cxxbridge1$str$ptr + 3308996
11  chromedriver                        0x00000001030c258c cxxbridge1$str$ptr + 3427044
12  chromedriver                        0x000000010309709c cxxbridge1$str$ptr + 3249652
13  chromedriver                        0x00000001030dc4b8 cxxbridge1$str$ptr + 3533328
14  chromedriver                        0x00000001030dc634 cxxbridge1$str$ptr + 3533708
15  chromedriver                        0x00000001030eb648 cxxbridge1$str$ptr + 3595168
16  libsystem_pthread.dylib             0x000000019e9f6f94 _pthread_start + 136
17  libsystem_pthread.dylib             0x000000019e9f1d34 thread_start + 8

2025-01-02 09:42:48,078 - ERROR - Error processing link https://www.retailmenot.com/view/EUONZXUHCVCNNMPQMLFQ7TL7M4?u=EUONZXUHCVCNNMPQMLFQ7TL7M4&outclicked=true: Message: no such window: target window already closed
from unknown error: web view not found
  (Session info: chrome=131.0.6778.205)
Stacktrace:
0   chromedriver                        0x00000001030f3184 cxxbridge1$str$ptr + 3626716
1   chromedriver                        0x00000001030eb9d4 cxxbridge1$str$ptr + 3596076
2   chromedriver                        0x0000000102b58968 cxxbridge1$string$len + 89228
3   chromedriver                        0x0000000102b33e44 core::str::slice_error_fail::ha0e52dbcb60e6bae + 3780
4   chromedriver                        0x0000000102bc2d48 cxxbridge1$string$len + 524396
5   chromedriver                        0x0000000102bd5c24 cxxbridge1$string$len + 601928
6   chromedriver                        0x0000000102b91568 cxxbridge1$string$len + 321676
7   chromedriver                        0x0000000102b921b8 cxxbridge1$string$len + 324828
8   chromedriver                        0x00000001030be9ac cxxbridge1$str$ptr + 3411716
9   chromedriver                        0x00000001030c1ccc cxxbridge1$str$ptr + 3424804
10  chromedriver                        0x00000001030a586c cxxbridge1$str$ptr + 3308996
11  chromedriver                        0x00000001030c258c cxxbridge1$str$ptr + 3427044
12  chromedriver                        0x000000010309709c cxxbridge1$str$ptr + 3249652
13  chromedriver                        0x00000001030dc4b8 cxxbridge1$str$ptr + 3533328
14  chromedriver                        0x00000001030dc634 cxxbridge1$str$ptr + 3533708
15  chromedriver                        0x00000001030eb648 cxxbridge1$str$ptr + 3595168
16  libsystem_pthread.dylib             0x000000019e9f6f94 _pthread_start + 136
17  libsystem_pthread.dylib             0x000000019e9f1d34 thread_start + 8

2025-01-02 09:42:48,079 - ERROR - Error processing link https://www.retailmenot.com/view/MZI772TCA5EXNBSYQAKS672A6E?u=MZI772TCA5EXNBSYQAKS672A6E&outclicked=true: Message: no such window: target window already closed
from unknown error: web view not found
  (Session info: chrome=131.0.6778.205)
Stacktrace:
0   chromedriver                        0x00000001030f3184 cxxbridge1$str$ptr + 3626716
1   chromedriver                        0x00000001030eb9d4 cxxbridge1$str$ptr + 3596076
2   chromedriver                        0x0000000102b58968 cxxbridge1$string$len + 89228
3   chromedriver                        0x0000000102b33e44 core::str::slice_error_fail::ha0e52dbcb60e6bae + 3780
4   chromedriver                        0x0000000102bc2d48 cxxbridge1$string$len + 524396
5   chromedriver                        0x0000000102bd5c24 cxxbridge1$string$len + 601928
6   chromedriver                        0x0000000102b91568 cxxbridge1$string$len + 321676
7   chromedriver                        0x0000000102b921b8 cxxbridge1$string$len + 324828
8   chromedriver                        0x00000001030be9ac cxxbridge1$str$ptr + 3411716
9   chromedriver                        0x00000001030c1ccc cxxbridge1$str$ptr + 3424804
10  chromedriver                        0x00000001030a586c cxxbridge1$str$ptr + 3308996
11  chromedriver                        0x00000001030c258c cxxbridge1$str$ptr + 3427044
12  chromedriver                        0x000000010309709c cxxbridge1$str$ptr + 3249652
13  chromedriver                        0x00000001030dc4b8 cxxbridge1$str$ptr + 3533328
14  chromedriver                        0x00000001030dc634 cxxbridge1$str$ptr + 3533708
15  chromedriver                        0x00000001030eb648 cxxbridge1$str$ptr + 3595168
16  libsystem_pthread.dylib             0x000000019e9f6f94 _pthread_start + 136
17  libsystem_pthread.dylib             0x000000019e9f1d34 thread_start + 8

2025-01-02 09:42:48,080 - ERROR - Error processing link https://www.retailmenot.com/view/AAUY7RFMZVB3TAPMQR554OGMUY?u=AAUY7RFMZVB3TAPMQR554OGMUY&outclicked=true: Message: no such window: target window already closed
from unknown error: web view not found
  (Session info: chrome=131.0.6778.205)
Stacktrace:
0   chromedriver                        0x00000001030f3184 cxxbridge1$str$ptr + 3626716
1   chromedriver                        0x00000001030eb9d4 cxxbridge1$str$ptr + 3596076
2   chromedriver                        0x0000000102b58968 cxxbridge1$string$len + 89228
3   chromedriver                        0x0000000102b33e44 core::str::slice_error_fail::ha0e52dbcb60e6bae + 3780
4   chromedriver                        0x0000000102bc2d48 cxxbridge1$string$len + 524396
5   chromedriver                        0x0000000102bd5c24 cxxbridge1$string$len + 601928
6   chromedriver                        0x0000000102b91568 cxxbridge1$string$len + 321676
7   chromedriver                        0x0000000102b921b8 cxxbridge1$string$len + 324828
8   chromedriver                        0x00000001030be9ac cxxbridge1$str$ptr + 3411716
9   chromedriver                        0x00000001030c1ccc cxxbridge1$str$ptr + 3424804
10  chromedriver                        0x00000001030a586c cxxbridge1$str$ptr + 3308996
11  chromedriver                        0x00000001030c258c cxxbridge1$str$ptr + 3427044
12  chromedriver                        0x000000010309709c cxxbridge1$str$ptr + 3249652
13  chromedriver                        0x00000001030dc4b8 cxxbridge1$str$ptr + 3533328
14  chromedriver                        0x00000001030dc634 cxxbridge1$str$ptr + 3533708
15  chromedriver                        0x00000001030eb648 cxxbridge1$str$ptr + 3595168
16  libsystem_pthread.dylib             0x000000019e9f6f94 _pthread_start + 136
17  libsystem_pthread.dylib             0x000000019e9f1d34 thread_start + 8

2025-01-02 09:42:48,080 - ERROR - Error processing link https://www.retailmenot.com/view/YRKFGPWMK5AITAM3BYZU47I2VY?u=YRKFGPWMK5AITAM3BYZU47I2VY&outclicked=true: Message: no such window: target window already closed
from unknown error: web view not found
  (Session info: chrome=131.0.6778.205)
Stacktrace:
0   chromedriver                        0x00000001030f3184 cxxbridge1$str$ptr + 3626716
1   chromedriver                        0x00000001030eb9d4 cxxbridge1$str$ptr + 3596076
2   chromedriver                        0x0000000102b58968 cxxbridge1$string$len + 89228
3   chromedriver                        0x0000000102b33e44 core::str::slice_error_fail::ha0e52dbcb60e6bae + 3780
4   chromedriver                        0x0000000102bc2d48 cxxbridge1$string$len + 524396
5   chromedriver                        0x0000000102bd5c24 cxxbridge1$string$len + 601928
6   chromedriver                        0x0000000102b91568 cxxbridge1$string$len + 321676
7   chromedriver                        0x0000000102b921b8 cxxbridge1$string$len + 324828
8   chromedriver                        0x00000001030be9ac cxxbridge1$str$ptr + 3411716
9   chromedriver                        0x00000001030c1ccc cxxbridge1$str$ptr + 3424804
10  chromedriver                        0x00000001030a586c cxxbridge1$str$ptr + 3308996
11  chromedriver                        0x00000001030c258c cxxbridge1$str$ptr + 3427044
12  chromedriver                        0x000000010309709c cxxbridge1$str$ptr + 3249652
13  chromedriver                        0x00000001030dc4b8 cxxbridge1$str$ptr + 3533328
14  chromedriver                        0x00000001030dc634 cxxbridge1$str$ptr + 3533708
15  chromedriver                        0x00000001030eb648 cxxbridge1$str$ptr + 3595168
16  libsystem_pthread.dylib             0x000000019e9f6f94 _pthread_start + 136
17  libsystem_pthread.dylib             0x000000019e9f1d34 thread_start + 8

2025-01-02 09:42:48,081 - ERROR - Error processing link https://www.retailmenot.com/view/AKMKSU576NELDCK7WBFKZFL3CE?u=AKMKSU576NELDCK7WBFKZFL3CE&outclicked=true: Message: no such window: target window already closed
from unknown error: web view not found
  (Session info: chrome=131.0.6778.205)
Stacktrace:
0   chromedriver                        0x00000001030f3184 cxxbridge1$str$ptr + 3626716
1   chromedriver                        0x00000001030eb9d4 cxxbridge1$str$ptr + 3596076
2   chromedriver                        0x0000000102b58968 cxxbridge1$string$len + 89228
3   chromedriver                        0x0000000102b33e44 core::str::slice_error_fail::ha0e52dbcb60e6bae + 3780
4   chromedriver                        0x0000000102bc2d48 cxxbridge1$string$len + 524396
5   chromedriver                        0x0000000102bd5c24 cxxbridge1$string$len + 601928
6   chromedriver                        0x0000000102b91568 cxxbridge1$string$len + 321676
7   chromedriver                        0x0000000102b921b8 cxxbridge1$string$len + 324828
8   chromedriver                        0x00000001030be9ac cxxbridge1$str$ptr + 3411716
9   chromedriver                        0x00000001030c1ccc cxxbridge1$str$ptr + 3424804
10  chromedriver                        0x00000001030a586c cxxbridge1$str$ptr + 3308996
11  chromedriver                        0x00000001030c258c cxxbridge1$str$ptr + 3427044
12  chromedriver                        0x000000010309709c cxxbridge1$str$ptr + 3249652
13  chromedriver                        0x00000001030dc4b8 cxxbridge1$str$ptr + 3533328
14  chromedriver                        0x00000001030dc634 cxxbridge1$str$ptr + 3533708
15  chromedriver                        0x00000001030eb648 cxxbridge1$str$ptr + 3595168
16  libsystem_pthread.dylib             0x000000019e9f6f94 _pthread_start + 136
17  libsystem_pthread.dylib             0x000000019e9f1d34 thread_start + 8

2025-01-02 09:42:48,081 - ERROR - Error processing link https://www.retailmenot.com/view/TH6KCCAKPFF3LF2DQCDTJRKNE4?u=TH6KCCAKPFF3LF2DQCDTJRKNE4&outclicked=true: Message: no such window: target window already closed
from unknown error: web view not found
  (Session info: chrome=131.0.6778.205)
Stacktrace:
0   chromedriver                        0x00000001030f3184 cxxbridge1$str$ptr + 3626716
1   chromedriver                        0x00000001030eb9d4 cxxbridge1$str$ptr + 3596076
2   chromedriver                        0x0000000102b58968 cxxbridge1$string$len + 89228
3   chromedriver                        0x0000000102b33e44 core::str::slice_error_fail::ha0e52dbcb60e6bae + 3780
4   chromedriver                        0x0000000102bc2d48 cxxbridge1$string$len + 524396
5   chromedriver                        0x0000000102bd5c24 cxxbridge1$string$len + 601928
6   chromedriver                        0x0000000102b91568 cxxbridge1$string$len + 321676
7   chromedriver                        0x0000000102b921b8 cxxbridge1$string$len + 324828
8   chromedriver                        0x00000001030be9ac cxxbridge1$str$ptr + 3411716
9   chromedriver                        0x00000001030c1ccc cxxbridge1$str$ptr + 3424804
10  chromedriver                        0x00000001030a586c cxxbridge1$str$ptr + 3308996
11  chromedriver                        0x00000001030c258c cxxbridge1$str$ptr + 3427044
12  chromedriver                        0x000000010309709c cxxbridge1$str$ptr + 3249652
13  chromedriver                        0x00000001030dc4b8 cxxbridge1$str$ptr + 3533328
14  chromedriver                        0x00000001030dc634 cxxbridge1$str$ptr + 3533708
15  chromedriver                        0x00000001030eb648 cxxbridge1$str$ptr + 3595168
16  libsystem_pthread.dylib             0x000000019e9f6f94 _pthread_start + 136
17  libsystem_pthread.dylib             0x000000019e9f1d34 thread_start + 8

2025-01-02 09:43:13,158 - INFO - Starting coupon scrape
2025-01-02 09:43:13,161 - INFO - ====== WebDriver manager ======
2025-01-02 09:43:13,315 - INFO - Get LATEST chromedriver version for google-chrome
2025-01-02 09:43:13,383 - INFO - Get LATEST chromedriver version for google-chrome
2025-01-02 09:43:13,443 - INFO - Driver [/Users/wisamm/.wdm/drivers/chromedriver/mac64/131.0.6778.204/chromedriver-mac-arm64/chromedriver] found in cache
2025-01-02 09:43:17,279 - INFO - Found 24 coupon links
2025-01-02 09:43:21,198 - WARNING - Could not extract expiration date: time data '' does not match format '%m/%d/%Y'
2025-01-02 09:43:31,545 - INFO - Found coupon: Coupon(code='', expiration_date=None, discount_value='', company='', url='https://www.retailmenot.com/view/46KXFJBO4NCFZF6QWUZVGEUIXQ?u=46KXFJBO4NCFZF6QWUZVGEUIXQ&outclicked=true')
2025-01-02 09:43:31,545 - INFO - Found coupon: Coupon(code='', expiration_date=None, discount_value='', company='', url='https://www.retailmenot.com/view/46KXFJBO4NCFZF6QWUZVGEUIXQ?u=46KXFJBO4NCFZF6QWUZVGEUIXQ&outclicked=true')
2025-01-02 09:43:36,063 - WARNING - Could not extract expiration date: time data '' does not match format '%m/%d/%Y'
2025-01-02 09:43:36,085 - INFO - Found coupon: Coupon(code='', expiration_date=None, discount_value='', company='', url='https://www.retailmenot.com/view/CPPJBLCEKNAGNFIRXNM5DQFDDI?u=CPPJBLCEKNAGNFIRXNM5DQFDDI&outclicked=true')
2025-01-02 09:43:36,085 - INFO - Found coupon: Coupon(code='', expiration_date=None, discount_value='', company='', url='https://www.retailmenot.com/view/CPPJBLCEKNAGNFIRXNM5DQFDDI?u=CPPJBLCEKNAGNFIRXNM5DQFDDI&outclicked=true')
2025-01-02 09:43:39,459 - WARNING - Could not extract expiration date: time data '' does not match format '%m/%d/%Y'
2025-01-02 09:43:39,482 - INFO - Found coupon: Coupon(code='', expiration_date=None, discount_value='', company='', url='https://www.retailmenot.com/view/QEL5OMZ4PRB25FU2FGFFO4ODD4?u=QEL5OMZ4PRB25FU2FGFFO4ODD4&outclicked=true')
2025-01-02 09:43:39,483 - INFO - Found coupon: Coupon(code='', expiration_date=None, discount_value='', company='', url='https://www.retailmenot.com/view/QEL5OMZ4PRB25FU2FGFFO4ODD4?u=QEL5OMZ4PRB25FU2FGFFO4ODD4&outclicked=true')
2025-01-02 09:43:43,554 - WARNING - Could not extract expiration date: time data '' does not match format '%m/%d/%Y'
2025-01-02 09:43:53,901 - INFO - Found coupon: Coupon(code='', expiration_date=None, discount_value='', company='', url='https://www.retailmenot.com/view/5KVES3EIYVDLVKEQIPODZ5CQRQ?u=5KVES3EIYVDLVKEQIPODZ5CQRQ&outclicked=true')
2025-01-02 09:43:53,902 - INFO - Found coupon: Coupon(code='', expiration_date=None, discount_value='', company='', url='https://www.retailmenot.com/view/5KVES3EIYVDLVKEQIPODZ5CQRQ?u=5KVES3EIYVDLVKEQIPODZ5CQRQ&outclicked=true')
2025-01-02 09:43:57,759 - WARNING - Could not extract expiration date: time data '' does not match format '%m/%d/%Y'
2025-01-02 09:43:57,778 - INFO - Found coupon: Coupon(code='', expiration_date=None, discount_value='', company='', url='https://www.retailmenot.com/view/OKSB5HZYVZGY3HAHALME375P44?u=OKSB5HZYVZGY3HAHALME375P44&outclicked=true')
2025-01-02 09:43:57,778 - INFO - Found coupon: Coupon(code='', expiration_date=None, discount_value='', company='', url='https://www.retailmenot.com/view/OKSB5HZYVZGY3HAHALME375P44?u=OKSB5HZYVZGY3HAHALME375P44&outclicked=true')
2025-01-02 09:44:01,126 - WARNING - Could not extract expiration date: time data '' does not match format '%m/%d/%Y'
2025-01-02 09:44:11,493 - INFO - Found coupon: Coupon(code='', expiration_date=None, discount_value='', company='', url='https://www.retailmenot.com/view/A7W52JNQEREIBE45IPTZ5ET33Q?u=A7W52JNQEREIBE45IPTZ5ET33Q&outclicked=true')
2025-01-02 09:44:11,495 - INFO - Found coupon: Coupon(code='', expiration_date=None, discount_value='', company='', url='https://www.retailmenot.com/view/A7W52JNQEREIBE45IPTZ5ET33Q?u=A7W52JNQEREIBE45IPTZ5ET33Q&outclicked=true')
2025-01-02 09:44:15,794 - WARNING - Could not extract expiration date: time data '' does not match format '%m/%d/%Y'
2025-01-02 09:44:15,816 - INFO - Found coupon: Coupon(code='', expiration_date=None, discount_value='', company='', url='https://www.retailmenot.com/view/FJVSC7P6G5GBDOXLZV4XC4HGPQ?u=FJVSC7P6G5GBDOXLZV4XC4HGPQ&outclicked=true')
2025-01-02 09:44:15,816 - INFO - Found coupon: Coupon(code='', expiration_date=None, discount_value='', company='', url='https://www.retailmenot.com/view/FJVSC7P6G5GBDOXLZV4XC4HGPQ?u=FJVSC7P6G5GBDOXLZV4XC4HGPQ&outclicked=true')
2025-01-02 09:44:19,638 - WARNING - Could not extract expiration date: time data '' does not match format '%m/%d/%Y'
2025-01-02 09:44:19,660 - INFO - Found coupon: Coupon(code='', expiration_date=None, discount_value='', company='', url='https://www.retailmenot.com/view/PTOOTYYWUZAORJT4NY4BRGCHFU?u=PTOOTYYWUZAORJT4NY4BRGCHFU&outclicked=true')
2025-01-02 09:44:19,660 - INFO - Found coupon: Coupon(code='', expiration_date=None, discount_value='', company='', url='https://www.retailmenot.com/view/PTOOTYYWUZAORJT4NY4BRGCHFU?u=PTOOTYYWUZAORJT4NY4BRGCHFU&outclicked=true')
2025-01-02 09:44:23,490 - WARNING - Could not extract expiration date: time data '' does not match format '%m/%d/%Y'
2025-01-02 09:44:33,849 - INFO - Found coupon: Coupon(code='', expiration_date=None, discount_value='', company='', url='https://www.retailmenot.com/view/42547AKRI5BFRKPVAEICB6KEZQ?u=42547AKRI5BFRKPVAEICB6KEZQ&outclicked=true')
2025-01-02 09:44:33,850 - INFO - Found coupon: Coupon(code='', expiration_date=None, discount_value='', company='', url='https://www.retailmenot.com/view/42547AKRI5BFRKPVAEICB6KEZQ?u=42547AKRI5BFRKPVAEICB6KEZQ&outclicked=true')
2025-01-02 09:44:38,351 - WARNING - Could not extract expiration date: time data '' does not match format '%m/%d/%Y'
2025-01-02 09:44:38,372 - INFO - Found coupon: Coupon(code='', expiration_date=None, discount_value='', company='', url='https://www.retailmenot.com/view/2M5EU52XW5HP3CXPO2KG3CIYJE?u=2M5EU52XW5HP3CXPO2KG3CIYJE&outclicked=true')
2025-01-02 09:44:38,372 - INFO - Found coupon: Coupon(code='', expiration_date=None, discount_value='', company='', url='https://www.retailmenot.com/view/2M5EU52XW5HP3CXPO2KG3CIYJE?u=2M5EU52XW5HP3CXPO2KG3CIYJE&outclicked=true')
2025-01-02 09:44:43,711 - WARNING - Could not extract expiration date: time data '' does not match format '%m/%d/%Y'
2025-01-02 09:44:54,074 - INFO - Found coupon: Coupon(code='', expiration_date=None, discount_value='', company='', url='https://www.retailmenot.com/view/Q2CYGUYOMRENFFLEYYWCN7YZTA?u=Q2CYGUYOMRENFFLEYYWCN7YZTA&outclicked=true')
2025-01-02 09:44:54,076 - INFO - Found coupon: Coupon(code='', expiration_date=None, discount_value='', company='', url='https://www.retailmenot.com/view/Q2CYGUYOMRENFFLEYYWCN7YZTA?u=Q2CYGUYOMRENFFLEYYWCN7YZTA&outclicked=true')
2025-01-02 09:44:58,069 - WARNING - Could not extract expiration date: time data '' does not match format '%m/%d/%Y'
2025-01-02 09:44:58,092 - INFO - Found coupon: Coupon(code='', expiration_date=None, discount_value='', company='', url='https://www.retailmenot.com/view/AA6VKKCYJBGATF6NZXANKWZKDY?u=AA6VKKCYJBGATF6NZXANKWZKDY&outclicked=true')
2025-01-02 09:44:58,092 - INFO - Found coupon: Coupon(code='', expiration_date=None, discount_value='', company='', url='https://www.retailmenot.com/view/AA6VKKCYJBGATF6NZXANKWZKDY?u=AA6VKKCYJBGATF6NZXANKWZKDY&outclicked=true')
2025-01-02 09:45:01,361 - WARNING - Could not extract expiration date: time data '' does not match format '%m/%d/%Y'
2025-01-02 09:45:01,384 - INFO - Found coupon: Coupon(code='', expiration_date=None, discount_value='', company='', url='https://www.retailmenot.com/view/637MLDNB5FFUNECCWYC5JKO534?u=637MLDNB5FFUNECCWYC5JKO534&outclicked=true')
2025-01-02 09:45:01,384 - INFO - Found coupon: Coupon(code='', expiration_date=None, discount_value='', company='', url='https://www.retailmenot.com/view/637MLDNB5FFUNECCWYC5JKO534?u=637MLDNB5FFUNECCWYC5JKO534&outclicked=true')
2025-01-02 09:45:05,838 - WARNING - Could not extract expiration date: time data '' does not match format '%m/%d/%Y'
2025-01-02 09:45:16,198 - INFO - Found coupon: Coupon(code='', expiration_date=None, discount_value='', company='', url='https://www.retailmenot.com/view/RJHXHMFDBVHTDAM4COR3FGVFVA?u=RJHXHMFDBVHTDAM4COR3FGVFVA&outclicked=true')
2025-01-02 09:45:16,200 - INFO - Found coupon: Coupon(code='', expiration_date=None, discount_value='', company='', url='https://www.retailmenot.com/view/RJHXHMFDBVHTDAM4COR3FGVFVA?u=RJHXHMFDBVHTDAM4COR3FGVFVA&outclicked=true')
2025-01-02 09:45:21,560 - WARNING - Could not extract expiration date: time data '' does not match format '%m/%d/%Y'
2025-01-02 09:45:31,917 - INFO - Found coupon: Coupon(code='', expiration_date=None, discount_value='', company='', url='https://www.retailmenot.com/view/OZM4EO7BOVBMBGG3UEF72FB4FM?u=OZM4EO7BOVBMBGG3UEF72FB4FM&outclicked=true')
2025-01-02 09:45:31,917 - INFO - Found coupon: Coupon(code='', expiration_date=None, discount_value='', company='', url='https://www.retailmenot.com/view/OZM4EO7BOVBMBGG3UEF72FB4FM?u=OZM4EO7BOVBMBGG3UEF72FB4FM&outclicked=true')
2025-01-02 09:45:36,450 - WARNING - Could not extract expiration date: time data '' does not match format '%m/%d/%Y'
2025-01-02 09:45:36,471 - INFO - Found coupon: Coupon(code='', expiration_date=None, discount_value='', company='', url='https://www.retailmenot.com/view/MZLBISVIRBFQVOC4X6GUSFYCOE?u=MZLBISVIRBFQVOC4X6GUSFYCOE&outclicked=true')
2025-01-02 09:45:36,471 - INFO - Found coupon: Coupon(code='', expiration_date=None, discount_value='', company='', url='https://www.retailmenot.com/view/MZLBISVIRBFQVOC4X6GUSFYCOE?u=MZLBISVIRBFQVOC4X6GUSFYCOE&outclicked=true')
2025-01-02 09:45:39,491 - WARNING - Could not extract expiration date: time data '' does not match format '%m/%d/%Y'
2025-01-02 09:45:39,508 - INFO - Found coupon: Coupon(code='', expiration_date=None, discount_value='', company='', url='https://www.retailmenot.com/view/5UOPACOKUFDHDAJMI5SXK5TGPE?u=5UOPACOKUFDHDAJMI5SXK5TGPE&outclicked=true')
2025-01-02 09:45:39,508 - INFO - Found coupon: Coupon(code='', expiration_date=None, discount_value='', company='', url='https://www.retailmenot.com/view/5UOPACOKUFDHDAJMI5SXK5TGPE?u=5UOPACOKUFDHDAJMI5SXK5TGPE&outclicked=true')
2025-01-02 09:45:42,260 - WARNING - Could not extract expiration date: time data '' does not match format '%m/%d/%Y'
2025-01-02 09:45:42,281 - INFO - Found coupon: Coupon(code='', expiration_date=None, discount_value='', company='', url='https://www.retailmenot.com/view/HJZWDLDCURHL3EMQLTXWMNVTRQ?u=HJZWDLDCURHL3EMQLTXWMNVTRQ&outclicked=true')
2025-01-02 09:45:42,282 - INFO - Found coupon: Coupon(code='', expiration_date=None, discount_value='', company='', url='https://www.retailmenot.com/view/HJZWDLDCURHL3EMQLTXWMNVTRQ?u=HJZWDLDCURHL3EMQLTXWMNVTRQ&outclicked=true')
2025-01-02 09:45:44,977 - WARNING - Could not extract expiration date: time data '' does not match format '%m/%d/%Y'
2025-01-02 09:45:45,000 - INFO - Found coupon: Coupon(code='', expiration_date=None, discount_value='', company='', url='https://www.retailmenot.com/view/EUONZXUHCVCNNMPQMLFQ7TL7M4?u=EUONZXUHCVCNNMPQMLFQ7TL7M4&outclicked=true')
2025-01-02 09:45:45,000 - INFO - Found coupon: Coupon(code='', expiration_date=None, discount_value='', company='', url='https://www.retailmenot.com/view/EUONZXUHCVCNNMPQMLFQ7TL7M4?u=EUONZXUHCVCNNMPQMLFQ7TL7M4&outclicked=true')
2025-01-02 09:45:49,238 - WARNING - Could not extract expiration date: time data '' does not match format '%m/%d/%Y'
2025-01-02 09:45:49,252 - INFO - Found coupon: Coupon(code='', expiration_date=None, discount_value='', company='', url='https://www.retailmenot.com/view/MZI772TCA5EXNBSYQAKS672A6E?u=MZI772TCA5EXNBSYQAKS672A6E&outclicked=true')
2025-01-02 09:45:49,253 - INFO - Found coupon: Coupon(code='', expiration_date=None, discount_value='', company='', url='https://www.retailmenot.com/view/MZI772TCA5EXNBSYQAKS672A6E?u=MZI772TCA5EXNBSYQAKS672A6E&outclicked=true')
2025-01-02 09:45:54,589 - WARNING - Could not extract expiration date: time data '' does not match format '%m/%d/%Y'
2025-01-02 09:46:15,177 - WARNING - Could not extract company name: Message: 
Stacktrace:
0   chromedriver                        0x000000010074b184 cxxbridge1$str$ptr + 3626716
1   chromedriver                        0x00000001007439d4 cxxbridge1$str$ptr + 3596076
2   chromedriver                        0x00000001001b0968 cxxbridge1$string$len + 89228
3   chromedriver                        0x00000001001f4d50 cxxbridge1$string$len + 368756
4   chromedriver                        0x000000010022e5b4 cxxbridge1$string$len + 604376
5   chromedriver                        0x00000001001e9568 cxxbridge1$string$len + 321676
6   chromedriver                        0x00000001001ea1b8 cxxbridge1$string$len + 324828
7   chromedriver                        0x00000001007169ac cxxbridge1$str$ptr + 3411716
8   chromedriver                        0x0000000100719ccc cxxbridge1$str$ptr + 3424804
9   chromedriver                        0x00000001006fd86c cxxbridge1$str$ptr + 3308996
10  chromedriver                        0x000000010071a58c cxxbridge1$str$ptr + 3427044
11  chromedriver                        0x00000001006ef09c cxxbridge1$str$ptr + 3249652
12  chromedriver                        0x00000001007344b8 cxxbridge1$str$ptr + 3533328
13  chromedriver                        0x0000000100734634 cxxbridge1$str$ptr + 3533708
14  chromedriver                        0x0000000100743648 cxxbridge1$str$ptr + 3595168
15  libsystem_pthread.dylib             0x000000019e9f6f94 _pthread_start + 136
16  libsystem_pthread.dylib             0x000000019e9f1d34 thread_start + 8

2025-01-02 09:46:15,178 - INFO - Found coupon: Coupon(code='', expiration_date=None, discount_value='', company=None, url='https://www.retailmenot.com/view/AAUY7RFMZVB3TAPMQR554OGMUY?u=AAUY7RFMZVB3TAPMQR554OGMUY&outclicked=true')
2025-01-02 09:46:15,179 - INFO - Found coupon: Coupon(code='', expiration_date=None, discount_value='', company=None, url='https://www.retailmenot.com/view/AAUY7RFMZVB3TAPMQR554OGMUY?u=AAUY7RFMZVB3TAPMQR554OGMUY&outclicked=true')
2025-01-02 09:46:18,973 - WARNING - Could not extract expiration date: time data '' does not match format '%m/%d/%Y'
2025-01-02 09:46:18,999 - INFO - Found coupon: Coupon(code='', expiration_date=None, discount_value='', company='', url='https://www.retailmenot.com/view/YRKFGPWMK5AITAM3BYZU47I2VY?u=YRKFGPWMK5AITAM3BYZU47I2VY&outclicked=true')
2025-01-02 09:46:18,999 - INFO - Found coupon: Coupon(code='', expiration_date=None, discount_value='', company='', url='https://www.retailmenot.com/view/YRKFGPWMK5AITAM3BYZU47I2VY?u=YRKFGPWMK5AITAM3BYZU47I2VY&outclicked=true')
2025-01-02 09:46:23,453 - WARNING - Could not extract expiration date: time data '' does not match format '%m/%d/%Y'
2025-01-02 09:46:23,475 - INFO - Found coupon: Coupon(code='', expiration_date=None, discount_value='', company='', url='https://www.retailmenot.com/view/AKMKSU576NELDCK7WBFKZFL3CE?u=AKMKSU576NELDCK7WBFKZFL3CE&outclicked=true')
2025-01-02 09:46:23,475 - INFO - Found coupon: Coupon(code='', expiration_date=None, discount_value='', company='', url='https://www.retailmenot.com/view/AKMKSU576NELDCK7WBFKZFL3CE?u=AKMKSU576NELDCK7WBFKZFL3CE&outclicked=true')
2025-01-02 09:46:27,635 - WARNING - Could not extract expiration date: time data '' does not match format '%m/%d/%Y'
2025-01-02 09:46:27,656 - INFO - Found coupon: Coupon(code='', expiration_date=None, discount_value='', company='', url='https://www.retailmenot.com/view/TH6KCCAKPFF3LF2DQCDTJRKNE4?u=TH6KCCAKPFF3LF2DQCDTJRKNE4&outclicked=true')
2025-01-02 09:46:27,656 - INFO - Found coupon: Coupon(code='', expiration_date=None, discount_value='', company='', url='https://www.retailmenot.com/view/TH6KCCAKPFF3LF2DQCDTJRKNE4?u=TH6KCCAKPFF3LF2DQCDTJRKNE4&outclicked=true')
